<?xml version="1.0" encoding="UTF-8"?>
<testng-results skipped="0" failed="0" ignored="0" total="1" passed="1">
  <reporter-output>
  </reporter-output>
  <suite name="Default suite" duration-ms="33774" started-at="2017-06-08T21:47:44Z" finished-at="2017-06-08T21:48:18Z">
    <groups>
    </groups>
    <test name="Default test" duration-ms="33774" started-at="2017-06-08T21:47:44Z" finished-at="2017-06-08T21:48:18Z">
      <class name="initialtest.browser">
        <test-method status="PASS" signature="browserinvocating()[pri:0, instance:initialtest.browser@18be83e4]" name="browserinvocating" duration-ms="33737" started-at="2017-06-08T16:47:44Z" finished-at="2017-06-08T16:48:18Z">
          <reporter-output>
          </reporter-output>
        </test-method> <!-- browserinvocating -->
      </class> <!-- initialtest.browser -->
    </test> <!-- Default test -->
  </suite> <!-- Default suite -->
</testng-results>
